<?xml version="1.0" encoding="UTF-8"?>
<testsuite xmlns:xsi="http://www.w3.org/2001/XMLSchema-instance" xsi:noNamespaceSchemaLocation="https://maven.apache.org/surefire/maven-surefire-plugin/xsd/surefire-test-report.xsd" name="TestNameLastnameEmail" time="35.901" tests="5" errors="0" skipped="0" failures="0">
  <properties>
[...]
</properties>
  <testcase name="check_female_radio_button" classname="TestGenderSelection" time="30.482"/>
  <testcase name="check_other_radio_button" classname="TestGenderSelection" time="33.32"/>
  <testcase name="setName" classname="TestNameLastnameEmail" time="33.536"/>
  <testcase name="setLastName" classname="TestNameLastnameEmail" time="33.566"/>
  <testcase name="setEmail" classname="TestNameLastnameEmail" time="34.728"/>
</testsuite>